[INFO ][main] [18-04-19 23:11:03] [nantian.job.Scheduler] -- (Scheduler (version 6.079) start run ...)
[INFO ][main] [18-04-19 23:11:03] [nantian.job.Scheduler] -- (Ant libary : jar:file:/H:/program/eclipse/plugins/org.apache.ant_1.8.4.v201303080030/lib/ant.jar)
[INFO ][main] [18-04-19 23:11:03] [nantian.job.Scheduler] -- (Ant basedir: C:\Users\sky\AppData\Local\Temp\)
[INFO ][main] [18-04-19 23:11:04] [nantian.job.Scheduler] -- (Init spring bean start ...)
[INFO ][main] [18-04-19 23:11:04] [context.support.AbstractApplicationContext] -- (Refreshing org.springframework.context.support.FileSystemXmlApplicationContext@75e5c2cc: display name [org.springframework.context.support.FileSystemXmlApplicationContext@75e5c2cc]; startup date [Thu Apr 19 23:11:04 CST 2018]; root of context hierarchy)
[INFO ][main] [18-04-19 23:11:04] [factory.xml.XmlBeanDefinitionReader] -- (Loading XML bean definitions from file [F:\project\jobant\conf\base\nantian.scheduler.spring.xml])
[INFO ][main] [18-04-19 23:11:04] [context.support.AbstractApplicationContext] -- (Bean factory for application context [org.springframework.context.support.FileSystemXmlApplicationContext@75e5c2cc]: org.springframework.beans.factory.support.DefaultListableBeanFactory@17ff89c3)
[INFO ][main] [18-04-19 23:11:04] [io.support.PropertiesLoaderSupport] -- (Loading properties file from URL [file:E:/project/jobant/conf/base/jdbc.properties])
[INFO ][main] [18-04-19 23:11:04] [factory.support.DefaultSingletonBeanRegistry] -- (Destroying singletons in org.springframework.beans.factory.support.DefaultListableBeanFactory@17ff89c3: defining beans [org.springframework.beans.factory.config.PropertyPlaceholderConfigurer,dataSource,configHelper]; root of factory hierarchy)
[ERROR][main] [18-04-19 23:11:04] [nantian.job.Scheduler] -- (org.springframework.beans.factory.BeanInitializationException: Could not load properties; nested exception is java.io.FileNotFoundException: E:\project\jobant\conf\base\jdbc.properties (系统找不到指定的路径。))
[INFO ][main] [18-04-19 23:11:59] [nantian.job.Scheduler] -- (Scheduler (version 6.079) start run ...)
[INFO ][main] [18-04-19 23:11:59] [nantian.job.Scheduler] -- (Ant libary : jar:file:/H:/program/eclipse/plugins/org.apache.ant_1.8.4.v201303080030/lib/ant.jar)
[INFO ][main] [18-04-19 23:11:59] [nantian.job.Scheduler] -- (Ant basedir: C:\Users\sky\AppData\Local\Temp\)
[INFO ][main] [18-04-19 23:11:59] [nantian.job.Scheduler] -- (Init spring bean start ...)
[INFO ][main] [18-04-19 23:11:59] [context.support.AbstractApplicationContext] -- (Refreshing org.springframework.context.support.FileSystemXmlApplicationContext@3f581b8c: display name [org.springframework.context.support.FileSystemXmlApplicationContext@3f581b8c]; startup date [Thu Apr 19 23:11:59 CST 2018]; root of context hierarchy)
[INFO ][main] [18-04-19 23:12:00] [factory.xml.XmlBeanDefinitionReader] -- (Loading XML bean definitions from file [F:\project\jobant\conf\base\nantian.scheduler.spring.xml])
[INFO ][main] [18-04-19 23:12:00] [context.support.AbstractApplicationContext] -- (Bean factory for application context [org.springframework.context.support.FileSystemXmlApplicationContext@3f581b8c]: org.springframework.beans.factory.support.DefaultListableBeanFactory@9ad6d84)
[INFO ][main] [18-04-19 23:12:00] [io.support.PropertiesLoaderSupport] -- (Loading properties file from URL [file:F:/project/jobant/conf/base/jdbc.properties])
[INFO ][main] [18-04-19 23:12:00] [factory.support.DefaultListableBeanFactory] -- (Pre-instantiating singletons in org.springframework.beans.factory.support.DefaultListableBeanFactory@9ad6d84: defining beans [org.springframework.beans.factory.config.PropertyPlaceholderConfigurer,dataSource,configHelper]; root of factory hierarchy)
[INFO ][main] [18-04-19 23:12:00] [nantian.job.Scheduler] -- (Init spring bean end.)
[ERROR][Thread-2] [18-04-19 23:12:22] [job.task.SyncBufferTask] -- (Query parameter from db: Could not get JDBC Connection; nested exception is org.apache.commons.dbcp.SQLNestedException: Cannot create PoolableConnectionFactory (IO 错误: The Network Adapter could not establish the connection))
[ERROR][Thread-6] [18-04-19 23:12:43] [job.task.SyncBufferTask] -- (Query parameter from db: Could not get JDBC Connection; nested exception is org.apache.commons.dbcp.SQLNestedException: Cannot create PoolableConnectionFactory (IO 错误: The Network Adapter could not establish the connection))
